<?xml version="1.0" encoding="UTF-8"?>
<testsuite xmlns:xsi="http://www.w3.org/2001/XMLSchema-instance" xsi:noNamespaceSchemaLocation="https://maven.apache.org/surefire/maven-surefire-plugin/xsd/surefire-test-report.xsd" name="com.mycompany.restaurant.RestaurantServiceTest" time="0.032" tests="1" errors="0" skipped="0" failures="0">
  <properties>
[...]
</properties>
  <testcase name="add_restaurant_should_increase_list_of_restaurants_size_by_1" classname="com.mycompany.restaurant.RestaurantServiceTest" time="0.025"/>
</testsuite>